  main.cpp
C:\Users\justi\Documents\Visual Studio 2019\Projects\Tetris\Tetris\main.cpp(32,14): warning C4244: 'initializing': conversion from 'float' to 'int', possible loss of data
C:\Users\justi\Documents\Visual Studio 2019\Projects\Tetris\Tetris\main.cpp(64,12): warning C4244: 'argument': conversion from 'time_t' to 'unsigned int', possible loss of data
C:\Users\justi\Documents\Visual Studio 2019\Projects\Tetris\Tetris\main.cpp(76,14): warning C4244: 'initializing': conversion from 'int' to 'float', possible loss of data
C:\Users\justi\Documents\Visual Studio 2019\Projects\Tetris\Tetris\main.cpp(77,15): warning C4244: 'initializing': conversion from 'int' to 'float', possible loss of data
C:\Users\justi\Documents\Visual Studio 2019\Projects\Tetris\Tetris\main.cpp(84,25): warning C4244: 'argument': conversion from 'float' to 'unsigned int', possible loss of data
C:\Users\justi\Documents\Visual Studio 2019\Projects\Tetris\Tetris\main.cpp(84,18): warning C4244: 'argument': conversion from 'float' to 'unsigned int', possible loss of data
C:\Users\justi\Documents\Visual Studio 2019\Projects\Tetris\Tetris\main.cpp(146,19): warning C4244: '=': conversion from 'double' to 'GLfloat', possible loss of data
C:\Users\justi\Documents\Visual Studio 2019\Projects\Tetris\Tetris\main.cpp(152,18): warning C4244: 'initializing': conversion from 'int' to 'float', possible loss of data
C:\Users\justi\Documents\Visual Studio 2019\Projects\Tetris\Tetris\main.cpp(162,20): warning C4244: '=': conversion from 'double' to 'GLfloat', possible loss of data
C:\Users\justi\Documents\Visual Studio 2019\Projects\Tetris\Tetris\main.cpp(207,21): warning C4305: '=': truncation from 'double' to 'GLfloat'
C:\Users\justi\Documents\Visual Studio 2019\Projects\Tetris\Tetris\main.cpp(216,19): warning C4244: 'initializing': conversion from 'T' to 'int', possible loss of data
          with
          [
              T=float
          ]
  Generating code
  1 of 663 functions ( 0.2%) were compiled, the rest were copied from previous compilation.
    0 functions were new in current compilation
    0 functions had inline decision re-evaluated but remain unchanged
  Finished generating code
  Tetris.vcxproj -> C:\Users\justi\Documents\Visual Studio 2019\Projects\Tetris\Release\Tetris.exe
